<?xml version="1.0" encoding="UTF-8"?>
<testng-results ignored="0" total="1" passed="1" failed="0" skipped="0">
  <reporter-output>
  </reporter-output>
  <suite started-at="2025-08-12T18:04:46 IST" name="DocumentExplorerSuite" finished-at="2025-08-12T18:04:58 IST" duration-ms="12069">
    <groups>
    </groups>
    <test started-at="2025-08-12T18:04:46 IST" name="Document Explorer Verification" finished-at="2025-08-12T18:04:58 IST" duration-ms="12069">
      <class name="com.example.tests.WorkflowApp">
        <test-method is-config="true" signature="setUp()[pri:0, instance:com.example.tests.WorkflowApp@515c6049]" started-at="2025-08-12T18:04:46 IST" name="setUp" finished-at="2025-08-12T18:04:51 IST" duration-ms="5094" status="PASS">
          <reporter-output>
          </reporter-output>
        </test-method> <!-- setUp -->
        <test-method signature="testGoogleSearch()[pri:0, instance:com.example.tests.WorkflowApp@515c6049]" started-at="2025-08-12T18:04:51 IST" name="testGoogleSearch" finished-at="2025-08-12T18:04:58 IST" duration-ms="6912" status="PASS">
          <reporter-output>
          </reporter-output>
        </test-method> <!-- testGoogleSearch -->
      </class> <!-- com.example.tests.WorkflowApp -->
    </test> <!-- Document Explorer Verification -->
  </suite> <!-- DocumentExplorerSuite -->
</testng-results>
